<?xml version="1.0" encoding="UTF-8"?>
<testng-results ignored="0" total="1" passed="1" failed="0" skipped="0">
  <reporter-output>
    <line>
      <![CDATA[Navigating to http://localhost/liquor-store-app-main/index.php]]>
    </line>
  </reporter-output>
  <suite started-at="2023-05-27T03:05:08 GMT" name="Default suite" finished-at="2023-05-27T03:05:13 GMT" duration-ms="5360">
    <groups>
    </groups>
    <test started-at="2023-05-27T03:05:08 GMT" name="Default test" finished-at="2023-05-27T03:05:13 GMT" duration-ms="5360">
      <class name="automation.tests.StoreLoginTest">
        <test-method is-config="true" signature="beforeMethod()[pri:0, instance:automation.tests.StoreLoginTest@2beee7ff]" started-at="2023-05-27T03:05:08 GMT" name="beforeMethod" finished-at="2023-05-27T03:05:12 GMT" duration-ms="3977" status="PASS">
          <reporter-output>
          </reporter-output>
        </test-method> <!-- beforeMethod -->
        <test-method signature="test011()[pri:0, instance:automation.tests.StoreLoginTest@2beee7ff]" started-at="2023-05-27T03:05:12 GMT" name="test011" finished-at="2023-05-27T03:05:13 GMT" duration-ms="1152" status="PASS">
          <reporter-output>
            <line>
              <![CDATA[Navigating to http://localhost/liquor-store-app-main/index.php]]>
            </line>
          </reporter-output>
        </test-method> <!-- test011 -->
        <test-method is-config="true" signature="afterMethod()[pri:0, instance:automation.tests.StoreLoginTest@2beee7ff]" started-at="2023-05-27T03:05:13 GMT" name="afterMethod" finished-at="2023-05-27T03:05:13 GMT" duration-ms="195" status="PASS">
          <reporter-output>
          </reporter-output>
        </test-method> <!-- afterMethod -->
      </class> <!-- automation.tests.StoreLoginTest -->
    </test> <!-- Default test -->
  </suite> <!-- Default suite -->
</testng-results>
